<?xml version="1.0" encoding="UTF-8"?>
<testsuite name="com.zions.vsts.services.StateChangeCounterMicroServiceSpec" tests="4" skipped="0" failures="0" errors="0" timestamp="2020-07-10T13:28:34" hostname="UTMSDEV0545" time="0.604">
  <properties/>
  <testcase name="Not a valid type for state change counter" classname="com.zions.vsts.services.StateChangeCounterMicroServiceSpec" time="0.325"/>
  <testcase name="Reset after counting a reopen event" classname="com.zions.vsts.services.StateChangeCounterMicroServiceSpec" time="0.047"/>
  <testcase name="Non applicable state change events should not be counted" classname="com.zions.vsts.services.StateChangeCounterMicroServiceSpec" time="0.114"/>
  <testcase name="valid state change event for ReOpen Counter" classname="com.zions.vsts.services.StateChangeCounterMicroServiceSpec" time="0.108"/>
  <system-out><![CDATA[07:28:32.378 [Test worker] DEBUG org.springframework.test.context.support.AbstractDirtiesContextTestExecutionListener - Before test class: context [DefaultTestContext@10343259 testClass = StateChangeCounterMicroServiceSpec, testInstance = [null], testMethod = [null], testException = [null], mergedContextConfiguration = [MergedContextConfiguration@23f2ff87 testClass = StateChangeCounterMicroServiceSpec, locations = '{}', classes = '{class com.zions.vsts.services.StateChangeCounterMicroserviceTestConfig}', contextInitializerClasses = '[]', activeProfiles = '{}', propertySourceLocations = '{}', propertySourceProperties = '{}', contextCustomizers = set[org.spockframework.spring.mock.SpockContextCustomizer@0, org.springframework.boot.test.autoconfigure.properties.PropertyMappingContextCustomizer@0, org.springframework.boot.test.autoconfigure.web.servlet.WebDriverContextCustomizerFactory$Customizer@1136441a, org.springframework.boot.test.context.filter.ExcludeFilterContextCustomizer@5a05594b, org.springframework.boot.test.json.DuplicateJsonObjectContextCustomizerFactory$DuplicateJsonObjectContextCustomizer@65044db7, org.springframework.boot.test.mock.mockito.MockitoContextCustomizer@0], contextLoader = 'org.springframework.test.context.support.DelegatingSmartContextLoader', parent = [null]], attributes = map[[empty]]], class annotated with @DirtiesContext [false] with mode [null].
07:28:32.378 [Test worker] DEBUG org.springframework.test.context.support.DependencyInjectionTestExecutionListener - Performing dependency injection for test context [[DefaultTestContext@10343259 testClass = StateChangeCounterMicroServiceSpec, testInstance = com.zions.vsts.services.StateChangeCounterMicroServiceSpec@c30d28, testMethod = [null], testException = [null], mergedContextConfiguration = [MergedContextConfiguration@23f2ff87 testClass = StateChangeCounterMicroServiceSpec, locations = '{}', classes = '{class com.zions.vsts.services.StateChangeCounterMicroserviceTestConfig}', contextInitializerClasses = '[]', activeProfiles = '{}', propertySourceLocations = '{}', propertySourceProperties = '{}', contextCustomizers = set[org.spockframework.spring.mock.SpockContextCustomizer@0, org.springframework.boot.test.autoconfigure.properties.PropertyMappingContextCustomizer@0, org.springframework.boot.test.autoconfigure.web.servlet.WebDriverContextCustomizerFactory$Customizer@1136441a, org.springframework.boot.test.context.filter.ExcludeFilterContextCustomizer@5a05594b, org.springframework.boot.test.json.DuplicateJsonObjectContextCustomizerFactory$DuplicateJsonObjectContextCustomizer@65044db7, org.springframework.boot.test.mock.mockito.MockitoContextCustomizer@0], contextLoader = 'org.springframework.test.context.support.DelegatingSmartContextLoader', parent = [null]], attributes = map[[empty]]]].
07:28:32.378 [Test worker] DEBUG org.springframework.test.context.support.AbstractDelegatingSmartContextLoader - Delegating to AnnotationConfigContextLoader to load context from [MergedContextConfiguration@23f2ff87 testClass = StateChangeCounterMicroServiceSpec, locations = '{}', classes = '{class com.zions.vsts.services.StateChangeCounterMicroserviceTestConfig}', contextInitializerClasses = '[]', activeProfiles = '{}', propertySourceLocations = '{}', propertySourceProperties = '{}', contextCustomizers = set[org.spockframework.spring.mock.SpockContextCustomizer@0, org.springframework.boot.test.autoconfigure.properties.PropertyMappingContextCustomizer@0, org.springframework.boot.test.autoconfigure.web.servlet.WebDriverContextCustomizerFactory$Customizer@1136441a, org.springframework.boot.test.context.filter.ExcludeFilterContextCustomizer@5a05594b, org.springframework.boot.test.json.DuplicateJsonObjectContextCustomizerFactory$DuplicateJsonObjectContextCustomizer@65044db7, org.springframework.boot.test.mock.mockito.MockitoContextCustomizer@0], contextLoader = 'org.springframework.test.context.support.DelegatingSmartContextLoader', parent = [null]].
07:28:32.378 [Test worker] DEBUG org.springframework.test.context.support.AbstractGenericContextLoader - Loading ApplicationContext for merged context configuration [[MergedContextConfiguration@23f2ff87 testClass = StateChangeCounterMicroServiceSpec, locations = '{}', classes = '{class com.zions.vsts.services.StateChangeCounterMicroserviceTestConfig}', contextInitializerClasses = '[]', activeProfiles = '{}', propertySourceLocations = '{}', propertySourceProperties = '{}', contextCustomizers = set[org.spockframework.spring.mock.SpockContextCustomizer@0, org.springframework.boot.test.autoconfigure.properties.PropertyMappingContextCustomizer@0, org.springframework.boot.test.autoconfigure.web.servlet.WebDriverContextCustomizerFactory$Customizer@1136441a, org.springframework.boot.test.context.filter.ExcludeFilterContextCustomizer@5a05594b, org.springframework.boot.test.json.DuplicateJsonObjectContextCustomizerFactory$DuplicateJsonObjectContextCustomizer@65044db7, org.springframework.boot.test.mock.mockito.MockitoContextCustomizer@0], contextLoader = 'org.springframework.test.context.support.DelegatingSmartContextLoader', parent = [null]]].
07:28:32.470 [Test worker] DEBUG org.springframework.core.env.StandardEnvironment - Activating profiles []
07:28:32.470 [Test worker] DEBUG org.springframework.test.context.support.AnnotationConfigContextLoader - Registering component classes: {class com.zions.vsts.services.StateChangeCounterMicroserviceTestConfig}
07:28:32.531 [Test worker] DEBUG org.springframework.core.env.PropertySourcesPropertyResolver - Found key 'spring.profiles.active' in PropertySource 'systemProperties' with value of type String
07:28:32.531 [Test worker] DEBUG org.springframework.core.env.StandardEnvironment - Activating profiles [test]
07:28:32.553 [Test worker] DEBUG org.springframework.context.support.GenericApplicationContext - Refreshing org.springframework.context.support.GenericApplicationContext@bc351e9
07:28:32.636 [Test worker] DEBUG org.springframework.beans.factory.support.DefaultListableBeanFactory - Creating shared instance of singleton bean 'org.springframework.context.annotation.internalConfigurationAnnotationProcessor'
07:28:32.870 [Test worker] DEBUG org.springframework.beans.factory.support.DefaultListableBeanFactory - Creating shared instance of singleton bean 'org.spockframework.spring.mock.SpockMockPostprocessor'
07:28:32.894 [Test worker] DEBUG org.springframework.beans.factory.support.DefaultListableBeanFactory - Creating shared instance of singleton bean 'org.springframework.boot.test.mock.mockito.MockitoPostProcessor'
07:28:32.894 [Test worker] DEBUG org.springframework.beans.factory.support.DefaultListableBeanFactory - Creating shared instance of singleton bean 'org.springframework.context.event.internalEventListenerProcessor'
07:28:32.894 [Test worker] DEBUG org.springframework.beans.factory.support.DefaultListableBeanFactory - Creating shared instance of singleton bean 'org.springframework.context.event.internalEventListenerFactory'
07:28:32.894 [Test worker] DEBUG org.springframework.beans.factory.support.DefaultListableBeanFactory - Creating shared instance of singleton bean 'org.springframework.context.annotation.internalAutowiredAnnotationProcessor'
07:28:32.910 [Test worker] DEBUG org.springframework.beans.factory.support.DefaultListableBeanFactory - Creating shared instance of singleton bean 'org.springframework.context.annotation.internalCommonAnnotationProcessor'
07:28:32.918 [Test worker] DEBUG org.springframework.beans.factory.support.DefaultListableBeanFactory - Creating shared instance of singleton bean 'org.spockframework.spring.mock.SpockMockPostprocessor$SpyPostProcessor'
07:28:32.933 [Test worker] DEBUG org.springframework.beans.factory.support.DefaultListableBeanFactory - Creating shared instance of singleton bean 'org.springframework.boot.test.mock.mockito.MockitoPostProcessor$SpyPostProcessor'
07:28:32.942 [Test worker] DEBUG org.springframework.beans.factory.support.DefaultListableBeanFactory - Creating shared instance of singleton bean 'stateChangeCounterMicroserviceTestConfig'
07:28:33.009 [Test worker] DEBUG org.springframework.core.env.PropertySourcesPropertyResolver - Found key 'tfs.types' in PropertySource 'class path resource [test.properties]' with value of type String
07:28:33.016 [Test worker] DEBUG org.springframework.beans.factory.support.DefaultListableBeanFactory - Creating shared instance of singleton bean 'underTest'
07:28:33.209 [Test worker] DEBUG org.springframework.beans.factory.support.DefaultListableBeanFactory - Creating shared instance of singleton bean 'workManagementService'
07:28:34.168 [Test worker] DEBUG org.springframework.beans.factory.support.DefaultListableBeanFactory - Creating shared instance of singleton bean 'genericRestClient'
07:28:34.392 [Test worker] DEBUG org.springframework.core.env.PropertySourcesPropertyResolver - Found key 'tfs.collection' in PropertySource 'class path resource [test.properties]' with value of type String
07:28:34.393 [Test worker] DEBUG org.springframework.core.env.PropertySourcesPropertyResolver - Found key 'tfs.types' in PropertySource 'class path resource [test.properties]' with value of type String
07:28:34.393 [Test worker] DEBUG org.springframework.core.env.PropertySourcesPropertyResolver - Found key 'tfs.sourcestate' in PropertySource 'class path resource [test.properties]' with value of type String
07:28:34.393 [Test worker] DEBUG org.springframework.core.env.PropertySourcesPropertyResolver - Found key 'tfs.deststate' in PropertySource 'class path resource [test.properties]' with value of type String
07:28:34.394 [Test worker] DEBUG org.springframework.core.env.PropertySourcesPropertyResolver - Found key 'tfs.project.includes' in PropertySource 'class path resource [test.properties]' with value of type String
07:28:34.420 [Test worker] DEBUG org.springframework.test.context.cache.DefaultCacheAwareContextLoaderDelegate - Storing ApplicationContext [197349865] in cache under key [[MergedContextConfiguration@23f2ff87 testClass = StateChangeCounterMicroServiceSpec, locations = '{}', classes = '{class com.zions.vsts.services.StateChangeCounterMicroserviceTestConfig}', contextInitializerClasses = '[]', activeProfiles = '{}', propertySourceLocations = '{}', propertySourceProperties = '{}', contextCustomizers = set[org.spockframework.spring.mock.SpockContextCustomizer@0, org.springframework.boot.test.autoconfigure.properties.PropertyMappingContextCustomizer@0, org.springframework.boot.test.autoconfigure.web.servlet.WebDriverContextCustomizerFactory$Customizer@1136441a, org.springframework.boot.test.context.filter.ExcludeFilterContextCustomizer@5a05594b, org.springframework.boot.test.json.DuplicateJsonObjectContextCustomizerFactory$DuplicateJsonObjectContextCustomizer@65044db7, org.springframework.boot.test.mock.mockito.MockitoContextCustomizer@0], contextLoader = 'org.springframework.test.context.support.DelegatingSmartContextLoader', parent = [null]]]
07:28:34.421 [Test worker] DEBUG org.springframework.test.context.cache - Spring test ApplicationContext cache statistics: [DefaultContextCache@14831bf0 size = 1, maxSize = 32, parentContextCount = 0, hitCount = 0, missCount = 1]
07:28:34.429 [Test worker] DEBUG org.springframework.test.context.cache.DefaultCacheAwareContextLoaderDelegate - Retrieved ApplicationContext [197349865] from cache with key [[MergedContextConfiguration@23f2ff87 testClass = StateChangeCounterMicroServiceSpec, locations = '{}', classes = '{class com.zions.vsts.services.StateChangeCounterMicroserviceTestConfig}', contextInitializerClasses = '[]', activeProfiles = '{}', propertySourceLocations = '{}', propertySourceProperties = '{}', contextCustomizers = set[org.spockframework.spring.mock.SpockContextCustomizer@0, org.springframework.boot.test.autoconfigure.properties.PropertyMappingContextCustomizer@0, org.springframework.boot.test.autoconfigure.web.servlet.WebDriverContextCustomizerFactory$Customizer@1136441a, org.springframework.boot.test.context.filter.ExcludeFilterContextCustomizer@5a05594b, org.springframework.boot.test.json.DuplicateJsonObjectContextCustomizerFactory$DuplicateJsonObjectContextCustomizer@65044db7, org.springframework.boot.test.mock.mockito.MockitoContextCustomizer@0], contextLoader = 'org.springframework.test.context.support.DelegatingSmartContextLoader', parent = [null]]]
07:28:34.429 [Test worker] DEBUG org.springframework.test.context.cache - Spring test ApplicationContext cache statistics: [DefaultContextCache@14831bf0 size = 1, maxSize = 32, parentContextCount = 0, hitCount = 1, missCount = 1]
07:28:34.430 [Test worker] DEBUG org.springframework.test.context.cache.DefaultCacheAwareContextLoaderDelegate - Retrieved ApplicationContext [197349865] from cache with key [[MergedContextConfiguration@23f2ff87 testClass = StateChangeCounterMicroServiceSpec, locations = '{}', classes = '{class com.zions.vsts.services.StateChangeCounterMicroserviceTestConfig}', contextInitializerClasses = '[]', activeProfiles = '{}', propertySourceLocations = '{}', propertySourceProperties = '{}', contextCustomizers = set[org.spockframework.spring.mock.SpockContextCustomizer@0, org.springframework.boot.test.autoconfigure.properties.PropertyMappingContextCustomizer@0, org.springframework.boot.test.autoconfigure.web.servlet.WebDriverContextCustomizerFactory$Customizer@1136441a, org.springframework.boot.test.context.filter.ExcludeFilterContextCustomizer@5a05594b, org.springframework.boot.test.json.DuplicateJsonObjectContextCustomizerFactory$DuplicateJsonObjectContextCustomizer@65044db7, org.springframework.boot.test.mock.mockito.MockitoContextCustomizer@0], contextLoader = 'org.springframework.test.context.support.DelegatingSmartContextLoader', parent = [null]]]
07:28:34.430 [Test worker] DEBUG org.springframework.test.context.cache - Spring test ApplicationContext cache statistics: [DefaultContextCache@14831bf0 size = 1, maxSize = 32, parentContextCount = 0, hitCount = 2, missCount = 1]
07:28:34.437 [Test worker] DEBUG org.springframework.test.context.support.AbstractDirtiesContextTestExecutionListener - Before test method: context [DefaultTestContext@10343259 testClass = StateChangeCounterMicroServiceSpec, testInstance = com.zions.vsts.services.StateChangeCounterMicroServiceSpec@c30d28, testMethod = $spock_feature_0_0@StateChangeCounterMicroServiceSpec, testException = [null], mergedContextConfiguration = [MergedContextConfiguration@23f2ff87 testClass = StateChangeCounterMicroServiceSpec, locations = '{}', classes = '{class com.zions.vsts.services.StateChangeCounterMicroserviceTestConfig}', contextInitializerClasses = '[]', activeProfiles = '{}', propertySourceLocations = '{}', propertySourceProperties = '{}', contextCustomizers = set[org.spockframework.spring.mock.SpockContextCustomizer@0, org.springframework.boot.test.autoconfigure.properties.PropertyMappingContextCustomizer@0, org.springframework.boot.test.autoconfigure.web.servlet.WebDriverContextCustomizerFactory$Customizer@1136441a, org.springframework.boot.test.context.filter.ExcludeFilterContextCustomizer@5a05594b, org.springframework.boot.test.json.DuplicateJsonObjectContextCustomizerFactory$DuplicateJsonObjectContextCustomizer@65044db7, org.springframework.boot.test.mock.mockito.MockitoContextCustomizer@0], contextLoader = 'org.springframework.test.context.support.DelegatingSmartContextLoader', parent = [null]], attributes = map[[empty]]], class annotated with @DirtiesContext [false] with mode [null], method annotated with @DirtiesContext [false] with mode [null].
07:28:34.446 [Test worker] DEBUG org.springframework.test.context.cache.DefaultCacheAwareContextLoaderDelegate - Retrieved ApplicationContext [197349865] from cache with key [[MergedContextConfiguration@23f2ff87 testClass = StateChangeCounterMicroServiceSpec, locations = '{}', classes = '{class com.zions.vsts.services.StateChangeCounterMicroserviceTestConfig}', contextInitializerClasses = '[]', activeProfiles = '{}', propertySourceLocations = '{}', propertySourceProperties = '{}', contextCustomizers = set[org.spockframework.spring.mock.SpockContextCustomizer@0, org.springframework.boot.test.autoconfigure.properties.PropertyMappingContextCustomizer@0, org.springframework.boot.test.autoconfigure.web.servlet.WebDriverContextCustomizerFactory$Customizer@1136441a, org.springframework.boot.test.context.filter.ExcludeFilterContextCustomizer@5a05594b, org.springframework.boot.test.json.DuplicateJsonObjectContextCustomizerFactory$DuplicateJsonObjectContextCustomizer@65044db7, org.springframework.boot.test.mock.mockito.MockitoContextCustomizer@0], contextLoader = 'org.springframework.test.context.support.DelegatingSmartContextLoader', parent = [null]]]
07:28:34.446 [Test worker] DEBUG org.springframework.test.context.cache - Spring test ApplicationContext cache statistics: [DefaultContextCache@14831bf0 size = 1, maxSize = 32, parentContextCount = 0, hitCount = 3, missCount = 1]
07:28:34.448 [Test worker] DEBUG org.springframework.test.context.cache.DefaultCacheAwareContextLoaderDelegate - Retrieved ApplicationContext [197349865] from cache with key [[MergedContextConfiguration@23f2ff87 testClass = StateChangeCounterMicroServiceSpec, locations = '{}', classes = '{class com.zions.vsts.services.StateChangeCounterMicroserviceTestConfig}', contextInitializerClasses = '[]', activeProfiles = '{}', propertySourceLocations = '{}', propertySourceProperties = '{}', contextCustomizers = set[org.spockframework.spring.mock.SpockContextCustomizer@0, org.springframework.boot.test.autoconfigure.properties.PropertyMappingContextCustomizer@0, org.springframework.boot.test.autoconfigure.web.servlet.WebDriverContextCustomizerFactory$Customizer@1136441a, org.springframework.boot.test.context.filter.ExcludeFilterContextCustomizer@5a05594b, org.springframework.boot.test.json.DuplicateJsonObjectContextCustomizerFactory$DuplicateJsonObjectContextCustomizer@65044db7, org.springframework.boot.test.mock.mockito.MockitoContextCustomizer@0], contextLoader = 'org.springframework.test.context.support.DelegatingSmartContextLoader', parent = [null]]]
07:28:34.448 [Test worker] DEBUG org.springframework.test.context.cache - Spring test ApplicationContext cache statistics: [DefaultContextCache@14831bf0 size = 1, maxSize = 32, parentContextCount = 0, hitCount = 4, missCount = 1]
07:28:34.508 [Test worker] DEBUG org.springframework.test.context.cache.DefaultCacheAwareContextLoaderDelegate - Retrieved ApplicationContext [197349865] from cache with key [[MergedContextConfiguration@23f2ff87 testClass = StateChangeCounterMicroServiceSpec, locations = '{}', classes = '{class com.zions.vsts.services.StateChangeCounterMicroserviceTestConfig}', contextInitializerClasses = '[]', activeProfiles = '{}', propertySourceLocations = '{}', propertySourceProperties = '{}', contextCustomizers = set[org.spockframework.spring.mock.SpockContextCustomizer@0, org.springframework.boot.test.autoconfigure.properties.PropertyMappingContextCustomizer@0, org.springframework.boot.test.autoconfigure.web.servlet.WebDriverContextCustomizerFactory$Customizer@1136441a, org.springframework.boot.test.context.filter.ExcludeFilterContextCustomizer@5a05594b, org.springframework.boot.test.json.DuplicateJsonObjectContextCustomizerFactory$DuplicateJsonObjectContextCustomizer@65044db7, org.springframework.boot.test.mock.mockito.MockitoContextCustomizer@0], contextLoader = 'org.springframework.test.context.support.DelegatingSmartContextLoader', parent = [null]]]
07:28:34.508 [Test worker] DEBUG org.springframework.test.context.cache - Spring test ApplicationContext cache statistics: [DefaultContextCache@14831bf0 size = 1, maxSize = 32, parentContextCount = 0, hitCount = 5, missCount = 1]
07:28:34.668 [Test worker] INFO com.zions.vsts.services.StateChangeCounterMicroService - Entering StateChangeCounterMicroService:: processADOData
07:28:34.724 [Test worker] INFO com.zions.vsts.services.StateChangeCounterMicroService - not a valid work item type
07:28:34.740 [Test worker] DEBUG org.springframework.test.context.cache.DefaultCacheAwareContextLoaderDelegate - Retrieved ApplicationContext [197349865] from cache with key [[MergedContextConfiguration@23f2ff87 testClass = StateChangeCounterMicroServiceSpec, locations = '{}', classes = '{class com.zions.vsts.services.StateChangeCounterMicroserviceTestConfig}', contextInitializerClasses = '[]', activeProfiles = '{}', propertySourceLocations = '{}', propertySourceProperties = '{}', contextCustomizers = set[org.spockframework.spring.mock.SpockContextCustomizer@0, org.springframework.boot.test.autoconfigure.properties.PropertyMappingContextCustomizer@0, org.springframework.boot.test.autoconfigure.web.servlet.WebDriverContextCustomizerFactory$Customizer@1136441a, org.springframework.boot.test.context.filter.ExcludeFilterContextCustomizer@5a05594b, org.springframework.boot.test.json.DuplicateJsonObjectContextCustomizerFactory$DuplicateJsonObjectContextCustomizer@65044db7, org.springframework.boot.test.mock.mockito.MockitoContextCustomizer@0], contextLoader = 'org.springframework.test.context.support.DelegatingSmartContextLoader', parent = [null]]]
07:28:34.741 [Test worker] DEBUG org.springframework.test.context.cache - Spring test ApplicationContext cache statistics: [DefaultContextCache@14831bf0 size = 1, maxSize = 32, parentContextCount = 0, hitCount = 6, missCount = 1]
07:28:34.741 [Test worker] DEBUG org.springframework.test.context.cache.DefaultCacheAwareContextLoaderDelegate - Retrieved ApplicationContext [197349865] from cache with key [[MergedContextConfiguration@23f2ff87 testClass = StateChangeCounterMicroServiceSpec, locations = '{}', classes = '{class com.zions.vsts.services.StateChangeCounterMicroserviceTestConfig}', contextInitializerClasses = '[]', activeProfiles = '{}', propertySourceLocations = '{}', propertySourceProperties = '{}', contextCustomizers = set[org.spockframework.spring.mock.SpockContextCustomizer@0, org.springframework.boot.test.autoconfigure.properties.PropertyMappingContextCustomizer@0, org.springframework.boot.test.autoconfigure.web.servlet.WebDriverContextCustomizerFactory$Customizer@1136441a, org.springframework.boot.test.context.filter.ExcludeFilterContextCustomizer@5a05594b, org.springframework.boot.test.json.DuplicateJsonObjectContextCustomizerFactory$DuplicateJsonObjectContextCustomizer@65044db7, org.springframework.boot.test.mock.mockito.MockitoContextCustomizer@0], contextLoader = 'org.springframework.test.context.support.DelegatingSmartContextLoader', parent = [null]]]
07:28:34.741 [Test worker] DEBUG org.springframework.test.context.cache - Spring test ApplicationContext cache statistics: [DefaultContextCache@14831bf0 size = 1, maxSize = 32, parentContextCount = 0, hitCount = 7, missCount = 1]
07:28:34.741 [Test worker] DEBUG org.springframework.test.context.cache.DefaultCacheAwareContextLoaderDelegate - Retrieved ApplicationContext [197349865] from cache with key [[MergedContextConfiguration@23f2ff87 testClass = StateChangeCounterMicroServiceSpec, locations = '{}', classes = '{class com.zions.vsts.services.StateChangeCounterMicroserviceTestConfig}', contextInitializerClasses = '[]', activeProfiles = '{}', propertySourceLocations = '{}', propertySourceProperties = '{}', contextCustomizers = set[org.spockframework.spring.mock.SpockContextCustomizer@0, org.springframework.boot.test.autoconfigure.properties.PropertyMappingContextCustomizer@0, org.springframework.boot.test.autoconfigure.web.servlet.WebDriverContextCustomizerFactory$Customizer@1136441a, org.springframework.boot.test.context.filter.ExcludeFilterContextCustomizer@5a05594b, org.springframework.boot.test.json.DuplicateJsonObjectContextCustomizerFactory$DuplicateJsonObjectContextCustomizer@65044db7, org.springframework.boot.test.mock.mockito.MockitoContextCustomizer@0], contextLoader = 'org.springframework.test.context.support.DelegatingSmartContextLoader', parent = [null]]]
07:28:34.742 [Test worker] DEBUG org.springframework.test.context.cache - Spring test ApplicationContext cache statistics: [DefaultContextCache@14831bf0 size = 1, maxSize = 32, parentContextCount = 0, hitCount = 8, missCount = 1]
07:28:34.744 [Test worker] DEBUG org.springframework.test.context.cache.DefaultCacheAwareContextLoaderDelegate - Retrieved ApplicationContext [197349865] from cache with key [[MergedContextConfiguration@23f2ff87 testClass = StateChangeCounterMicroServiceSpec, locations = '{}', classes = '{class com.zions.vsts.services.StateChangeCounterMicroserviceTestConfig}', contextInitializerClasses = '[]', activeProfiles = '{}', propertySourceLocations = '{}', propertySourceProperties = '{}', contextCustomizers = set[org.spockframework.spring.mock.SpockContextCustomizer@0, org.springframework.boot.test.autoconfigure.properties.PropertyMappingContextCustomizer@0, org.springframework.boot.test.autoconfigure.web.servlet.WebDriverContextCustomizerFactory$Customizer@1136441a, org.springframework.boot.test.context.filter.ExcludeFilterContextCustomizer@5a05594b, org.springframework.boot.test.json.DuplicateJsonObjectContextCustomizerFactory$DuplicateJsonObjectContextCustomizer@65044db7, org.springframework.boot.test.mock.mockito.MockitoContextCustomizer@0], contextLoader = 'org.springframework.test.context.support.DelegatingSmartContextLoader', parent = [null]]]
07:28:34.744 [Test worker] DEBUG org.springframework.test.context.cache - Spring test ApplicationContext cache statistics: [DefaultContextCache@14831bf0 size = 1, maxSize = 32, parentContextCount = 0, hitCount = 9, missCount = 1]
07:28:34.747 [Test worker] DEBUG org.springframework.test.context.cache.DefaultCacheAwareContextLoaderDelegate - Retrieved ApplicationContext [197349865] from cache with key [[MergedContextConfiguration@23f2ff87 testClass = StateChangeCounterMicroServiceSpec, locations = '{}', classes = '{class com.zions.vsts.services.StateChangeCounterMicroserviceTestConfig}', contextInitializerClasses = '[]', activeProfiles = '{}', propertySourceLocations = '{}', propertySourceProperties = '{}', contextCustomizers = set[org.spockframework.spring.mock.SpockContextCustomizer@0, org.springframework.boot.test.autoconfigure.properties.PropertyMappingContextCustomizer@0, org.springframework.boot.test.autoconfigure.web.servlet.WebDriverContextCustomizerFactory$Customizer@1136441a, org.springframework.boot.test.context.filter.ExcludeFilterContextCustomizer@5a05594b, org.springframework.boot.test.json.DuplicateJsonObjectContextCustomizerFactory$DuplicateJsonObjectContextCustomizer@65044db7, org.springframework.boot.test.mock.mockito.MockitoContextCustomizer@0], contextLoader = 'org.springframework.test.context.support.DelegatingSmartContextLoader', parent = [null]]]
07:28:34.748 [Test worker] DEBUG org.springframework.test.context.cache - Spring test ApplicationContext cache statistics: [DefaultContextCache@14831bf0 size = 1, maxSize = 32, parentContextCount = 0, hitCount = 10, missCount = 1]
07:28:34.756 [Test worker] DEBUG org.springframework.test.context.support.AbstractDirtiesContextTestExecutionListener - After test method: context [DefaultTestContext@10343259 testClass = StateChangeCounterMicroServiceSpec, testInstance = com.zions.vsts.services.StateChangeCounterMicroServiceSpec@c30d28, testMethod = $spock_feature_0_0@StateChangeCounterMicroServiceSpec, testException = [null], mergedContextConfiguration = [MergedContextConfiguration@23f2ff87 testClass = StateChangeCounterMicroServiceSpec, locations = '{}', classes = '{class com.zions.vsts.services.StateChangeCounterMicroserviceTestConfig}', contextInitializerClasses = '[]', activeProfiles = '{}', propertySourceLocations = '{}', propertySourceProperties = '{}', contextCustomizers = set[org.spockframework.spring.mock.SpockContextCustomizer@0, org.springframework.boot.test.autoconfigure.properties.PropertyMappingContextCustomizer@0, org.springframework.boot.test.autoconfigure.web.servlet.WebDriverContextCustomizerFactory$Customizer@1136441a, org.springframework.boot.test.context.filter.ExcludeFilterContextCustomizer@5a05594b, org.springframework.boot.test.json.DuplicateJsonObjectContextCustomizerFactory$DuplicateJsonObjectContextCustomizer@65044db7, org.springframework.boot.test.mock.mockito.MockitoContextCustomizer@0], contextLoader = 'org.springframework.test.context.support.DelegatingSmartContextLoader', parent = [null]], attributes = map['org.spockframework.spring.SpringMockTestExecutionListener.MOCKED_BEANS_LIST' -> list[Mock for type 'WorkManagementService' named 'WorkManagementService', Mock for type 'GenericRestClient' named 'GenericRestClient']]], class annotated with @DirtiesContext [false] with mode [null], method annotated with @DirtiesContext [false] with mode [null].
07:28:34.758 [Test worker] DEBUG org.springframework.test.context.support.DependencyInjectionTestExecutionListener - Performing dependency injection for test context [[DefaultTestContext@10343259 testClass = StateChangeCounterMicroServiceSpec, testInstance = com.zions.vsts.services.StateChangeCounterMicroServiceSpec@399c1c8c, testMethod = [null], testException = [null], mergedContextConfiguration = [MergedContextConfiguration@23f2ff87 testClass = StateChangeCounterMicroServiceSpec, locations = '{}', classes = '{class com.zions.vsts.services.StateChangeCounterMicroserviceTestConfig}', contextInitializerClasses = '[]', activeProfiles = '{}', propertySourceLocations = '{}', propertySourceProperties = '{}', contextCustomizers = set[org.spockframework.spring.mock.SpockContextCustomizer@0, org.springframework.boot.test.autoconfigure.properties.PropertyMappingContextCustomizer@0, org.springframework.boot.test.autoconfigure.web.servlet.WebDriverContextCustomizerFactory$Customizer@1136441a, org.springframework.boot.test.context.filter.ExcludeFilterContextCustomizer@5a05594b, org.springframework.boot.test.json.DuplicateJsonObjectContextCustomizerFactory$DuplicateJsonObjectContextCustomizer@65044db7, org.springframework.boot.test.mock.mockito.MockitoContextCustomizer@0], contextLoader = 'org.springframework.test.context.support.DelegatingSmartContextLoader', parent = [null]], attributes = map['org.spockframework.spring.SpringMockTestExecutionListener.MOCKED_BEANS_LIST' -> list[Mock for type 'WorkManagementService' named 'WorkManagementService', Mock for type 'GenericRestClient' named 'GenericRestClient']]]].
07:28:34.758 [Test worker] DEBUG org.springframework.test.context.cache.DefaultCacheAwareContextLoaderDelegate - Retrieved ApplicationContext [197349865] from cache with key [[MergedContextConfiguration@23f2ff87 testClass = StateChangeCounterMicroServiceSpec, locations = '{}', classes = '{class com.zions.vsts.services.StateChangeCounterMicroserviceTestConfig}', contextInitializerClasses = '[]', activeProfiles = '{}', propertySourceLocations = '{}', propertySourceProperties = '{}', contextCustomizers = set[org.spockframework.spring.mock.SpockContextCustomizer@0, org.springframework.boot.test.autoconfigure.properties.PropertyMappingContextCustomizer@0, org.springframework.boot.test.autoconfigure.web.servlet.WebDriverContextCustomizerFactory$Customizer@1136441a, org.springframework.boot.test.context.filter.ExcludeFilterContextCustomizer@5a05594b, org.springframework.boot.test.json.DuplicateJsonObjectContextCustomizerFactory$DuplicateJsonObjectContextCustomizer@65044db7, org.springframework.boot.test.mock.mockito.MockitoContextCustomizer@0], contextLoader = 'org.springframework.test.context.support.DelegatingSmartContextLoader', parent = [null]]]
07:28:34.758 [Test worker] DEBUG org.springframework.test.context.cache - Spring test ApplicationContext cache statistics: [DefaultContextCache@14831bf0 size = 1, maxSize = 32, parentContextCount = 0, hitCount = 11, missCount = 1]
07:28:34.759 [Test worker] DEBUG org.springframework.test.context.cache.DefaultCacheAwareContextLoaderDelegate - Retrieved ApplicationContext [197349865] from cache with key [[MergedContextConfiguration@23f2ff87 testClass = StateChangeCounterMicroServiceSpec, locations = '{}', classes = '{class com.zions.vsts.services.StateChangeCounterMicroserviceTestConfig}', contextInitializerClasses = '[]', activeProfiles = '{}', propertySourceLocations = '{}', propertySourceProperties = '{}', contextCustomizers = set[org.spockframework.spring.mock.SpockContextCustomizer@0, org.springframework.boot.test.autoconfigure.properties.PropertyMappingContextCustomizer@0, org.springframework.boot.test.autoconfigure.web.servlet.WebDriverContextCustomizerFactory$Customizer@1136441a, org.springframework.boot.test.context.filter.ExcludeFilterContextCustomizer@5a05594b, org.springframework.boot.test.json.DuplicateJsonObjectContextCustomizerFactory$DuplicateJsonObjectContextCustomizer@65044db7, org.springframework.boot.test.mock.mockito.MockitoContextCustomizer@0], contextLoader = 'org.springframework.test.context.support.DelegatingSmartContextLoader', parent = [null]]]
07:28:34.760 [Test worker] DEBUG org.springframework.test.context.cache - Spring test ApplicationContext cache statistics: [DefaultContextCache@14831bf0 size = 1, maxSize = 32, parentContextCount = 0, hitCount = 12, missCount = 1]
07:28:34.760 [Test worker] DEBUG org.springframework.test.context.cache.DefaultCacheAwareContextLoaderDelegate - Retrieved ApplicationContext [197349865] from cache with key [[MergedContextConfiguration@23f2ff87 testClass = StateChangeCounterMicroServiceSpec, locations = '{}', classes = '{class com.zions.vsts.services.StateChangeCounterMicroserviceTestConfig}', contextInitializerClasses = '[]', activeProfiles = '{}', propertySourceLocations = '{}', propertySourceProperties = '{}', contextCustomizers = set[org.spockframework.spring.mock.SpockContextCustomizer@0, org.springframework.boot.test.autoconfigure.properties.PropertyMappingContextCustomizer@0, org.springframework.boot.test.autoconfigure.web.servlet.WebDriverContextCustomizerFactory$Customizer@1136441a, org.springframework.boot.test.context.filter.ExcludeFilterContextCustomizer@5a05594b, org.springframework.boot.test.json.DuplicateJsonObjectContextCustomizerFactory$DuplicateJsonObjectContextCustomizer@65044db7, org.springframework.boot.test.mock.mockito.MockitoContextCustomizer@0], contextLoader = 'org.springframework.test.context.support.DelegatingSmartContextLoader', parent = [null]]]
07:28:34.760 [Test worker] DEBUG org.springframework.test.context.cache - Spring test ApplicationContext cache statistics: [DefaultContextCache@14831bf0 size = 1, maxSize = 32, parentContextCount = 0, hitCount = 13, missCount = 1]
07:28:34.761 [Test worker] DEBUG org.springframework.test.context.support.AbstractDirtiesContextTestExecutionListener - Before test method: context [DefaultTestContext@10343259 testClass = StateChangeCounterMicroServiceSpec, testInstance = com.zions.vsts.services.StateChangeCounterMicroServiceSpec@399c1c8c, testMethod = $spock_feature_0_1@StateChangeCounterMicroServiceSpec, testException = [null], mergedContextConfiguration = [MergedContextConfiguration@23f2ff87 testClass = StateChangeCounterMicroServiceSpec, locations = '{}', classes = '{class com.zions.vsts.services.StateChangeCounterMicroserviceTestConfig}', contextInitializerClasses = '[]', activeProfiles = '{}', propertySourceLocations = '{}', propertySourceProperties = '{}', contextCustomizers = set[org.spockframework.spring.mock.SpockContextCustomizer@0, org.springframework.boot.test.autoconfigure.properties.PropertyMappingContextCustomizer@0, org.springframework.boot.test.autoconfigure.web.servlet.WebDriverContextCustomizerFactory$Customizer@1136441a, org.springframework.boot.test.context.filter.ExcludeFilterContextCustomizer@5a05594b, org.springframework.boot.test.json.DuplicateJsonObjectContextCustomizerFactory$DuplicateJsonObjectContextCustomizer@65044db7, org.springframework.boot.test.mock.mockito.MockitoContextCustomizer@0], contextLoader = 'org.springframework.test.context.support.DelegatingSmartContextLoader', parent = [null]], attributes = map['org.spockframework.spring.SpringMockTestExecutionListener.MOCKED_BEANS_LIST' -> list[Mock for type 'WorkManagementService' named 'WorkManagementService', Mock for type 'GenericRestClient' named 'GenericRestClient']]], class annotated with @DirtiesContext [false] with mode [null], method annotated with @DirtiesContext [false] with mode [null].
07:28:34.762 [Test worker] DEBUG org.springframework.test.context.cache.DefaultCacheAwareContextLoaderDelegate - Retrieved ApplicationContext [197349865] from cache with key [[MergedContextConfiguration@23f2ff87 testClass = StateChangeCounterMicroServiceSpec, locations = '{}', classes = '{class com.zions.vsts.services.StateChangeCounterMicroserviceTestConfig}', contextInitializerClasses = '[]', activeProfiles = '{}', propertySourceLocations = '{}', propertySourceProperties = '{}', contextCustomizers = set[org.spockframework.spring.mock.SpockContextCustomizer@0, org.springframework.boot.test.autoconfigure.properties.PropertyMappingContextCustomizer@0, org.springframework.boot.test.autoconfigure.web.servlet.WebDriverContextCustomizerFactory$Customizer@1136441a, org.springframework.boot.test.context.filter.ExcludeFilterContextCustomizer@5a05594b, org.springframework.boot.test.json.DuplicateJsonObjectContextCustomizerFactory$DuplicateJsonObjectContextCustomizer@65044db7, org.springframework.boot.test.mock.mockito.MockitoContextCustomizer@0], contextLoader = 'org.springframework.test.context.support.DelegatingSmartContextLoader', parent = [null]]]
07:28:34.762 [Test worker] DEBUG org.springframework.test.context.cache - Spring test ApplicationContext cache statistics: [DefaultContextCache@14831bf0 size = 1, maxSize = 32, parentContextCount = 0, hitCount = 14, missCount = 1]
07:28:34.763 [Test worker] DEBUG org.springframework.test.context.cache.DefaultCacheAwareContextLoaderDelegate - Retrieved ApplicationContext [197349865] from cache with key [[MergedContextConfiguration@23f2ff87 testClass = StateChangeCounterMicroServiceSpec, locations = '{}', classes = '{class com.zions.vsts.services.StateChangeCounterMicroserviceTestConfig}', contextInitializerClasses = '[]', activeProfiles = '{}', propertySourceLocations = '{}', propertySourceProperties = '{}', contextCustomizers = set[org.spockframework.spring.mock.SpockContextCustomizer@0, org.springframework.boot.test.autoconfigure.properties.PropertyMappingContextCustomizer@0, org.springframework.boot.test.autoconfigure.web.servlet.WebDriverContextCustomizerFactory$Customizer@1136441a, org.springframework.boot.test.context.filter.ExcludeFilterContextCustomizer@5a05594b, org.springframework.boot.test.json.DuplicateJsonObjectContextCustomizerFactory$DuplicateJsonObjectContextCustomizer@65044db7, org.springframework.boot.test.mock.mockito.MockitoContextCustomizer@0], contextLoader = 'org.springframework.test.context.support.DelegatingSmartContextLoader', parent = [null]]]
07:28:34.763 [Test worker] DEBUG org.springframework.test.context.cache - Spring test ApplicationContext cache statistics: [DefaultContextCache@14831bf0 size = 1, maxSize = 32, parentContextCount = 0, hitCount = 15, missCount = 1]
07:28:34.764 [Test worker] DEBUG org.springframework.test.context.cache.DefaultCacheAwareContextLoaderDelegate - Retrieved ApplicationContext [197349865] from cache with key [[MergedContextConfiguration@23f2ff87 testClass = StateChangeCounterMicroServiceSpec, locations = '{}', classes = '{class com.zions.vsts.services.StateChangeCounterMicroserviceTestConfig}', contextInitializerClasses = '[]', activeProfiles = '{}', propertySourceLocations = '{}', propertySourceProperties = '{}', contextCustomizers = set[org.spockframework.spring.mock.SpockContextCustomizer@0, org.springframework.boot.test.autoconfigure.properties.PropertyMappingContextCustomizer@0, org.springframework.boot.test.autoconfigure.web.servlet.WebDriverContextCustomizerFactory$Customizer@1136441a, org.springframework.boot.test.context.filter.ExcludeFilterContextCustomizer@5a05594b, org.springframework.boot.test.json.DuplicateJsonObjectContextCustomizerFactory$DuplicateJsonObjectContextCustomizer@65044db7, org.springframework.boot.test.mock.mockito.MockitoContextCustomizer@0], contextLoader = 'org.springframework.test.context.support.DelegatingSmartContextLoader', parent = [null]]]
07:28:34.764 [Test worker] DEBUG org.springframework.test.context.cache - Spring test ApplicationContext cache statistics: [DefaultContextCache@14831bf0 size = 1, maxSize = 32, parentContextCount = 0, hitCount = 16, missCount = 1]
07:28:34.803 [Test worker] INFO com.zions.vsts.services.StateChangeCounterMicroService - Entering StateChangeCounterMicroService:: processADOData
07:28:34.803 [Test worker] INFO com.zions.vsts.services.StateChangeCounterMicroService - not a state change
07:28:34.804 [Test worker] DEBUG org.springframework.test.context.cache.DefaultCacheAwareContextLoaderDelegate - Retrieved ApplicationContext [197349865] from cache with key [[MergedContextConfiguration@23f2ff87 testClass = StateChangeCounterMicroServiceSpec, locations = '{}', classes = '{class com.zions.vsts.services.StateChangeCounterMicroserviceTestConfig}', contextInitializerClasses = '[]', activeProfiles = '{}', propertySourceLocations = '{}', propertySourceProperties = '{}', contextCustomizers = set[org.spockframework.spring.mock.SpockContextCustomizer@0, org.springframework.boot.test.autoconfigure.properties.PropertyMappingContextCustomizer@0, org.springframework.boot.test.autoconfigure.web.servlet.WebDriverContextCustomizerFactory$Customizer@1136441a, org.springframework.boot.test.context.filter.ExcludeFilterContextCustomizer@5a05594b, org.springframework.boot.test.json.DuplicateJsonObjectContextCustomizerFactory$DuplicateJsonObjectContextCustomizer@65044db7, org.springframework.boot.test.mock.mockito.MockitoContextCustomizer@0], contextLoader = 'org.springframework.test.context.support.DelegatingSmartContextLoader', parent = [null]]]
07:28:34.804 [Test worker] DEBUG org.springframework.test.context.cache - Spring test ApplicationContext cache statistics: [DefaultContextCache@14831bf0 size = 1, maxSize = 32, parentContextCount = 0, hitCount = 17, missCount = 1]
07:28:34.804 [Test worker] DEBUG org.springframework.test.context.cache.DefaultCacheAwareContextLoaderDelegate - Retrieved ApplicationContext [197349865] from cache with key [[MergedContextConfiguration@23f2ff87 testClass = StateChangeCounterMicroServiceSpec, locations = '{}', classes = '{class com.zions.vsts.services.StateChangeCounterMicroserviceTestConfig}', contextInitializerClasses = '[]', activeProfiles = '{}', propertySourceLocations = '{}', propertySourceProperties = '{}', contextCustomizers = set[org.spockframework.spring.mock.SpockContextCustomizer@0, org.springframework.boot.test.autoconfigure.properties.PropertyMappingContextCustomizer@0, org.springframework.boot.test.autoconfigure.web.servlet.WebDriverContextCustomizerFactory$Customizer@1136441a, org.springframework.boot.test.context.filter.ExcludeFilterContextCustomizer@5a05594b, org.springframework.boot.test.json.DuplicateJsonObjectContextCustomizerFactory$DuplicateJsonObjectContextCustomizer@65044db7, org.springframework.boot.test.mock.mockito.MockitoContextCustomizer@0], contextLoader = 'org.springframework.test.context.support.DelegatingSmartContextLoader', parent = [null]]]
07:28:34.804 [Test worker] DEBUG org.springframework.test.context.cache - Spring test ApplicationContext cache statistics: [DefaultContextCache@14831bf0 size = 1, maxSize = 32, parentContextCount = 0, hitCount = 18, missCount = 1]
07:28:34.804 [Test worker] DEBUG org.springframework.test.context.cache.DefaultCacheAwareContextLoaderDelegate - Retrieved ApplicationContext [197349865] from cache with key [[MergedContextConfiguration@23f2ff87 testClass = StateChangeCounterMicroServiceSpec, locations = '{}', classes = '{class com.zions.vsts.services.StateChangeCounterMicroserviceTestConfig}', contextInitializerClasses = '[]', activeProfiles = '{}', propertySourceLocations = '{}', propertySourceProperties = '{}', contextCustomizers = set[org.spockframework.spring.mock.SpockContextCustomizer@0, org.springframework.boot.test.autoconfigure.properties.PropertyMappingContextCustomizer@0, org.springframework.boot.test.autoconfigure.web.servlet.WebDriverContextCustomizerFactory$Customizer@1136441a, org.springframework.boot.test.context.filter.ExcludeFilterContextCustomizer@5a05594b, org.springframework.boot.test.json.DuplicateJsonObjectContextCustomizerFactory$DuplicateJsonObjectContextCustomizer@65044db7, org.springframework.boot.test.mock.mockito.MockitoContextCustomizer@0], contextLoader = 'org.springframework.test.context.support.DelegatingSmartContextLoader', parent = [null]]]
07:28:34.805 [Test worker] DEBUG org.springframework.test.context.cache - Spring test ApplicationContext cache statistics: [DefaultContextCache@14831bf0 size = 1, maxSize = 32, parentContextCount = 0, hitCount = 19, missCount = 1]
07:28:34.805 [Test worker] DEBUG org.springframework.test.context.cache.DefaultCacheAwareContextLoaderDelegate - Retrieved ApplicationContext [197349865] from cache with key [[MergedContextConfiguration@23f2ff87 testClass = StateChangeCounterMicroServiceSpec, locations = '{}', classes = '{class com.zions.vsts.services.StateChangeCounterMicroserviceTestConfig}', contextInitializerClasses = '[]', activeProfiles = '{}', propertySourceLocations = '{}', propertySourceProperties = '{}', contextCustomizers = set[org.spockframework.spring.mock.SpockContextCustomizer@0, org.springframework.boot.test.autoconfigure.properties.PropertyMappingContextCustomizer@0, org.springframework.boot.test.autoconfigure.web.servlet.WebDriverContextCustomizerFactory$Customizer@1136441a, org.springframework.boot.test.context.filter.ExcludeFilterContextCustomizer@5a05594b, org.springframework.boot.test.json.DuplicateJsonObjectContextCustomizerFactory$DuplicateJsonObjectContextCustomizer@65044db7, org.springframework.boot.test.mock.mockito.MockitoContextCustomizer@0], contextLoader = 'org.springframework.test.context.support.DelegatingSmartContextLoader', parent = [null]]]
07:28:34.805 [Test worker] DEBUG org.springframework.test.context.cache - Spring test ApplicationContext cache statistics: [DefaultContextCache@14831bf0 size = 1, maxSize = 32, parentContextCount = 0, hitCount = 20, missCount = 1]
07:28:34.807 [Test worker] DEBUG org.springframework.test.context.cache.DefaultCacheAwareContextLoaderDelegate - Retrieved ApplicationContext [197349865] from cache with key [[MergedContextConfiguration@23f2ff87 testClass = StateChangeCounterMicroServiceSpec, locations = '{}', classes = '{class com.zions.vsts.services.StateChangeCounterMicroserviceTestConfig}', contextInitializerClasses = '[]', activeProfiles = '{}', propertySourceLocations = '{}', propertySourceProperties = '{}', contextCustomizers = set[org.spockframework.spring.mock.SpockContextCustomizer@0, org.springframework.boot.test.autoconfigure.properties.PropertyMappingContextCustomizer@0, org.springframework.boot.test.autoconfigure.web.servlet.WebDriverContextCustomizerFactory$Customizer@1136441a, org.springframework.boot.test.context.filter.ExcludeFilterContextCustomizer@5a05594b, org.springframework.boot.test.json.DuplicateJsonObjectContextCustomizerFactory$DuplicateJsonObjectContextCustomizer@65044db7, org.springframework.boot.test.mock.mockito.MockitoContextCustomizer@0], contextLoader = 'org.springframework.test.context.support.DelegatingSmartContextLoader', parent = [null]]]
07:28:34.807 [Test worker] DEBUG org.springframework.test.context.cache - Spring test ApplicationContext cache statistics: [DefaultContextCache@14831bf0 size = 1, maxSize = 32, parentContextCount = 0, hitCount = 21, missCount = 1]
07:28:34.807 [Test worker] DEBUG org.springframework.test.context.support.AbstractDirtiesContextTestExecutionListener - After test method: context [DefaultTestContext@10343259 testClass = StateChangeCounterMicroServiceSpec, testInstance = com.zions.vsts.services.StateChangeCounterMicroServiceSpec@399c1c8c, testMethod = $spock_feature_0_1@StateChangeCounterMicroServiceSpec, testException = [null], mergedContextConfiguration = [MergedContextConfiguration@23f2ff87 testClass = StateChangeCounterMicroServiceSpec, locations = '{}', classes = '{class com.zions.vsts.services.StateChangeCounterMicroserviceTestConfig}', contextInitializerClasses = '[]', activeProfiles = '{}', propertySourceLocations = '{}', propertySourceProperties = '{}', contextCustomizers = set[org.spockframework.spring.mock.SpockContextCustomizer@0, org.springframework.boot.test.autoconfigure.properties.PropertyMappingContextCustomizer@0, org.springframework.boot.test.autoconfigure.web.servlet.WebDriverContextCustomizerFactory$Customizer@1136441a, org.springframework.boot.test.context.filter.ExcludeFilterContextCustomizer@5a05594b, org.springframework.boot.test.json.DuplicateJsonObjectContextCustomizerFactory$DuplicateJsonObjectContextCustomizer@65044db7, org.springframework.boot.test.mock.mockito.MockitoContextCustomizer@0], contextLoader = 'org.springframework.test.context.support.DelegatingSmartContextLoader', parent = [null]], attributes = map['org.spockframework.spring.SpringMockTestExecutionListener.MOCKED_BEANS_LIST' -> list[Mock for type 'WorkManagementService' named 'WorkManagementService', Mock for type 'GenericRestClient' named 'GenericRestClient']]], class annotated with @DirtiesContext [false] with mode [null], method annotated with @DirtiesContext [false] with mode [null].
07:28:34.808 [Test worker] DEBUG org.springframework.test.context.support.DependencyInjectionTestExecutionListener - Performing dependency injection for test context [[DefaultTestContext@10343259 testClass = StateChangeCounterMicroServiceSpec, testInstance = com.zions.vsts.services.StateChangeCounterMicroServiceSpec@6e57e73d, testMethod = [null], testException = [null], mergedContextConfiguration = [MergedContextConfiguration@23f2ff87 testClass = StateChangeCounterMicroServiceSpec, locations = '{}', classes = '{class com.zions.vsts.services.StateChangeCounterMicroserviceTestConfig}', contextInitializerClasses = '[]', activeProfiles = '{}', propertySourceLocations = '{}', propertySourceProperties = '{}', contextCustomizers = set[org.spockframework.spring.mock.SpockContextCustomizer@0, org.springframework.boot.test.autoconfigure.properties.PropertyMappingContextCustomizer@0, org.springframework.boot.test.autoconfigure.web.servlet.WebDriverContextCustomizerFactory$Customizer@1136441a, org.springframework.boot.test.context.filter.ExcludeFilterContextCustomizer@5a05594b, org.springframework.boot.test.json.DuplicateJsonObjectContextCustomizerFactory$DuplicateJsonObjectContextCustomizer@65044db7, org.springframework.boot.test.mock.mockito.MockitoContextCustomizer@0], contextLoader = 'org.springframework.test.context.support.DelegatingSmartContextLoader', parent = [null]], attributes = map['org.spockframework.spring.SpringMockTestExecutionListener.MOCKED_BEANS_LIST' -> list[Mock for type 'WorkManagementService' named 'WorkManagementService', Mock for type 'GenericRestClient' named 'GenericRestClient']]]].
07:28:34.809 [Test worker] DEBUG org.springframework.test.context.cache.DefaultCacheAwareContextLoaderDelegate - Retrieved ApplicationContext [197349865] from cache with key [[MergedContextConfiguration@23f2ff87 testClass = StateChangeCounterMicroServiceSpec, locations = '{}', classes = '{class com.zions.vsts.services.StateChangeCounterMicroserviceTestConfig}', contextInitializerClasses = '[]', activeProfiles = '{}', propertySourceLocations = '{}', propertySourceProperties = '{}', contextCustomizers = set[org.spockframework.spring.mock.SpockContextCustomizer@0, org.springframework.boot.test.autoconfigure.properties.PropertyMappingContextCustomizer@0, org.springframework.boot.test.autoconfigure.web.servlet.WebDriverContextCustomizerFactory$Customizer@1136441a, org.springframework.boot.test.context.filter.ExcludeFilterContextCustomizer@5a05594b, org.springframework.boot.test.json.DuplicateJsonObjectContextCustomizerFactory$DuplicateJsonObjectContextCustomizer@65044db7, org.springframework.boot.test.mock.mockito.MockitoContextCustomizer@0], contextLoader = 'org.springframework.test.context.support.DelegatingSmartContextLoader', parent = [null]]]
07:28:34.809 [Test worker] DEBUG org.springframework.test.context.cache - Spring test ApplicationContext cache statistics: [DefaultContextCache@14831bf0 size = 1, maxSize = 32, parentContextCount = 0, hitCount = 22, missCount = 1]
07:28:34.810 [Test worker] DEBUG org.springframework.test.context.cache.DefaultCacheAwareContextLoaderDelegate - Retrieved ApplicationContext [197349865] from cache with key [[MergedContextConfiguration@23f2ff87 testClass = StateChangeCounterMicroServiceSpec, locations = '{}', classes = '{class com.zions.vsts.services.StateChangeCounterMicroserviceTestConfig}', contextInitializerClasses = '[]', activeProfiles = '{}', propertySourceLocations = '{}', propertySourceProperties = '{}', contextCustomizers = set[org.spockframework.spring.mock.SpockContextCustomizer@0, org.springframework.boot.test.autoconfigure.properties.PropertyMappingContextCustomizer@0, org.springframework.boot.test.autoconfigure.web.servlet.WebDriverContextCustomizerFactory$Customizer@1136441a, org.springframework.boot.test.context.filter.ExcludeFilterContextCustomizer@5a05594b, org.springframework.boot.test.json.DuplicateJsonObjectContextCustomizerFactory$DuplicateJsonObjectContextCustomizer@65044db7, org.springframework.boot.test.mock.mockito.MockitoContextCustomizer@0], contextLoader = 'org.springframework.test.context.support.DelegatingSmartContextLoader', parent = [null]]]
07:28:34.810 [Test worker] DEBUG org.springframework.test.context.cache - Spring test ApplicationContext cache statistics: [DefaultContextCache@14831bf0 size = 1, maxSize = 32, parentContextCount = 0, hitCount = 23, missCount = 1]
07:28:34.810 [Test worker] DEBUG org.springframework.test.context.cache.DefaultCacheAwareContextLoaderDelegate - Retrieved ApplicationContext [197349865] from cache with key [[MergedContextConfiguration@23f2ff87 testClass = StateChangeCounterMicroServiceSpec, locations = '{}', classes = '{class com.zions.vsts.services.StateChangeCounterMicroserviceTestConfig}', contextInitializerClasses = '[]', activeProfiles = '{}', propertySourceLocations = '{}', propertySourceProperties = '{}', contextCustomizers = set[org.spockframework.spring.mock.SpockContextCustomizer@0, org.springframework.boot.test.autoconfigure.properties.PropertyMappingContextCustomizer@0, org.springframework.boot.test.autoconfigure.web.servlet.WebDriverContextCustomizerFactory$Customizer@1136441a, org.springframework.boot.test.context.filter.ExcludeFilterContextCustomizer@5a05594b, org.springframework.boot.test.json.DuplicateJsonObjectContextCustomizerFactory$DuplicateJsonObjectContextCustomizer@65044db7, org.springframework.boot.test.mock.mockito.MockitoContextCustomizer@0], contextLoader = 'org.springframework.test.context.support.DelegatingSmartContextLoader', parent = [null]]]
07:28:34.810 [Test worker] DEBUG org.springframework.test.context.cache - Spring test ApplicationContext cache statistics: [DefaultContextCache@14831bf0 size = 1, maxSize = 32, parentContextCount = 0, hitCount = 24, missCount = 1]
07:28:34.811 [Test worker] DEBUG org.springframework.test.context.support.AbstractDirtiesContextTestExecutionListener - Before test method: context [DefaultTestContext@10343259 testClass = StateChangeCounterMicroServiceSpec, testInstance = com.zions.vsts.services.StateChangeCounterMicroServiceSpec@6e57e73d, testMethod = $spock_feature_0_2@StateChangeCounterMicroServiceSpec, testException = [null], mergedContextConfiguration = [MergedContextConfiguration@23f2ff87 testClass = StateChangeCounterMicroServiceSpec, locations = '{}', classes = '{class com.zions.vsts.services.StateChangeCounterMicroserviceTestConfig}', contextInitializerClasses = '[]', activeProfiles = '{}', propertySourceLocations = '{}', propertySourceProperties = '{}', contextCustomizers = set[org.spockframework.spring.mock.SpockContextCustomizer@0, org.springframework.boot.test.autoconfigure.properties.PropertyMappingContextCustomizer@0, org.springframework.boot.test.autoconfigure.web.servlet.WebDriverContextCustomizerFactory$Customizer@1136441a, org.springframework.boot.test.context.filter.ExcludeFilterContextCustomizer@5a05594b, org.springframework.boot.test.json.DuplicateJsonObjectContextCustomizerFactory$DuplicateJsonObjectContextCustomizer@65044db7, org.springframework.boot.test.mock.mockito.MockitoContextCustomizer@0], contextLoader = 'org.springframework.test.context.support.DelegatingSmartContextLoader', parent = [null]], attributes = map['org.spockframework.spring.SpringMockTestExecutionListener.MOCKED_BEANS_LIST' -> list[Mock for type 'WorkManagementService' named 'WorkManagementService', Mock for type 'GenericRestClient' named 'GenericRestClient']]], class annotated with @DirtiesContext [false] with mode [null], method annotated with @DirtiesContext [false] with mode [null].
07:28:34.811 [Test worker] DEBUG org.springframework.test.context.cache.DefaultCacheAwareContextLoaderDelegate - Retrieved ApplicationContext [197349865] from cache with key [[MergedContextConfiguration@23f2ff87 testClass = StateChangeCounterMicroServiceSpec, locations = '{}', classes = '{class com.zions.vsts.services.StateChangeCounterMicroserviceTestConfig}', contextInitializerClasses = '[]', activeProfiles = '{}', propertySourceLocations = '{}', propertySourceProperties = '{}', contextCustomizers = set[org.spockframework.spring.mock.SpockContextCustomizer@0, org.springframework.boot.test.autoconfigure.properties.PropertyMappingContextCustomizer@0, org.springframework.boot.test.autoconfigure.web.servlet.WebDriverContextCustomizerFactory$Customizer@1136441a, org.springframework.boot.test.context.filter.ExcludeFilterContextCustomizer@5a05594b, org.springframework.boot.test.json.DuplicateJsonObjectContextCustomizerFactory$DuplicateJsonObjectContextCustomizer@65044db7, org.springframework.boot.test.mock.mockito.MockitoContextCustomizer@0], contextLoader = 'org.springframework.test.context.support.DelegatingSmartContextLoader', parent = [null]]]
07:28:34.812 [Test worker] DEBUG org.springframework.test.context.cache - Spring test ApplicationContext cache statistics: [DefaultContextCache@14831bf0 size = 1, maxSize = 32, parentContextCount = 0, hitCount = 25, missCount = 1]
07:28:34.813 [Test worker] DEBUG org.springframework.test.context.cache.DefaultCacheAwareContextLoaderDelegate - Retrieved ApplicationContext [197349865] from cache with key [[MergedContextConfiguration@23f2ff87 testClass = StateChangeCounterMicroServiceSpec, locations = '{}', classes = '{class com.zions.vsts.services.StateChangeCounterMicroserviceTestConfig}', contextInitializerClasses = '[]', activeProfiles = '{}', propertySourceLocations = '{}', propertySourceProperties = '{}', contextCustomizers = set[org.spockframework.spring.mock.SpockContextCustomizer@0, org.springframework.boot.test.autoconfigure.properties.PropertyMappingContextCustomizer@0, org.springframework.boot.test.autoconfigure.web.servlet.WebDriverContextCustomizerFactory$Customizer@1136441a, org.springframework.boot.test.context.filter.ExcludeFilterContextCustomizer@5a05594b, org.springframework.boot.test.json.DuplicateJsonObjectContextCustomizerFactory$DuplicateJsonObjectContextCustomizer@65044db7, org.springframework.boot.test.mock.mockito.MockitoContextCustomizer@0], contextLoader = 'org.springframework.test.context.support.DelegatingSmartContextLoader', parent = [null]]]
07:28:34.813 [Test worker] DEBUG org.springframework.test.context.cache - Spring test ApplicationContext cache statistics: [DefaultContextCache@14831bf0 size = 1, maxSize = 32, parentContextCount = 0, hitCount = 26, missCount = 1]
07:28:34.814 [Test worker] DEBUG org.springframework.test.context.cache.DefaultCacheAwareContextLoaderDelegate - Retrieved ApplicationContext [197349865] from cache with key [[MergedContextConfiguration@23f2ff87 testClass = StateChangeCounterMicroServiceSpec, locations = '{}', classes = '{class com.zions.vsts.services.StateChangeCounterMicroserviceTestConfig}', contextInitializerClasses = '[]', activeProfiles = '{}', propertySourceLocations = '{}', propertySourceProperties = '{}', contextCustomizers = set[org.spockframework.spring.mock.SpockContextCustomizer@0, org.springframework.boot.test.autoconfigure.properties.PropertyMappingContextCustomizer@0, org.springframework.boot.test.autoconfigure.web.servlet.WebDriverContextCustomizerFactory$Customizer@1136441a, org.springframework.boot.test.context.filter.ExcludeFilterContextCustomizer@5a05594b, org.springframework.boot.test.json.DuplicateJsonObjectContextCustomizerFactory$DuplicateJsonObjectContextCustomizer@65044db7, org.springframework.boot.test.mock.mockito.MockitoContextCustomizer@0], contextLoader = 'org.springframework.test.context.support.DelegatingSmartContextLoader', parent = [null]]]
07:28:34.814 [Test worker] DEBUG org.springframework.test.context.cache - Spring test ApplicationContext cache statistics: [DefaultContextCache@14831bf0 size = 1, maxSize = 32, parentContextCount = 0, hitCount = 27, missCount = 1]
07:28:34.879 [Test worker] INFO com.zions.vsts.services.StateChangeCounterMicroService - Entering StateChangeCounterMicroService:: processADOData
07:28:34.920 [Test worker] INFO com.zions.vsts.services.StateChangeCounterMicroService - state change not applicable
07:28:34.921 [Test worker] DEBUG org.springframework.test.context.cache.DefaultCacheAwareContextLoaderDelegate - Retrieved ApplicationContext [197349865] from cache with key [[MergedContextConfiguration@23f2ff87 testClass = StateChangeCounterMicroServiceSpec, locations = '{}', classes = '{class com.zions.vsts.services.StateChangeCounterMicroserviceTestConfig}', contextInitializerClasses = '[]', activeProfiles = '{}', propertySourceLocations = '{}', propertySourceProperties = '{}', contextCustomizers = set[org.spockframework.spring.mock.SpockContextCustomizer@0, org.springframework.boot.test.autoconfigure.properties.PropertyMappingContextCustomizer@0, org.springframework.boot.test.autoconfigure.web.servlet.WebDriverContextCustomizerFactory$Customizer@1136441a, org.springframework.boot.test.context.filter.ExcludeFilterContextCustomizer@5a05594b, org.springframework.boot.test.json.DuplicateJsonObjectContextCustomizerFactory$DuplicateJsonObjectContextCustomizer@65044db7, org.springframework.boot.test.mock.mockito.MockitoContextCustomizer@0], contextLoader = 'org.springframework.test.context.support.DelegatingSmartContextLoader', parent = [null]]]
07:28:34.921 [Test worker] DEBUG org.springframework.test.context.cache - Spring test ApplicationContext cache statistics: [DefaultContextCache@14831bf0 size = 1, maxSize = 32, parentContextCount = 0, hitCount = 28, missCount = 1]
07:28:34.921 [Test worker] DEBUG org.springframework.test.context.cache.DefaultCacheAwareContextLoaderDelegate - Retrieved ApplicationContext [197349865] from cache with key [[MergedContextConfiguration@23f2ff87 testClass = StateChangeCounterMicroServiceSpec, locations = '{}', classes = '{class com.zions.vsts.services.StateChangeCounterMicroserviceTestConfig}', contextInitializerClasses = '[]', activeProfiles = '{}', propertySourceLocations = '{}', propertySourceProperties = '{}', contextCustomizers = set[org.spockframework.spring.mock.SpockContextCustomizer@0, org.springframework.boot.test.autoconfigure.properties.PropertyMappingContextCustomizer@0, org.springframework.boot.test.autoconfigure.web.servlet.WebDriverContextCustomizerFactory$Customizer@1136441a, org.springframework.boot.test.context.filter.ExcludeFilterContextCustomizer@5a05594b, org.springframework.boot.test.json.DuplicateJsonObjectContextCustomizerFactory$DuplicateJsonObjectContextCustomizer@65044db7, org.springframework.boot.test.mock.mockito.MockitoContextCustomizer@0], contextLoader = 'org.springframework.test.context.support.DelegatingSmartContextLoader', parent = [null]]]
07:28:34.922 [Test worker] DEBUG org.springframework.test.context.cache - Spring test ApplicationContext cache statistics: [DefaultContextCache@14831bf0 size = 1, maxSize = 32, parentContextCount = 0, hitCount = 29, missCount = 1]
07:28:34.922 [Test worker] DEBUG org.springframework.test.context.cache.DefaultCacheAwareContextLoaderDelegate - Retrieved ApplicationContext [197349865] from cache with key [[MergedContextConfiguration@23f2ff87 testClass = StateChangeCounterMicroServiceSpec, locations = '{}', classes = '{class com.zions.vsts.services.StateChangeCounterMicroserviceTestConfig}', contextInitializerClasses = '[]', activeProfiles = '{}', propertySourceLocations = '{}', propertySourceProperties = '{}', contextCustomizers = set[org.spockframework.spring.mock.SpockContextCustomizer@0, org.springframework.boot.test.autoconfigure.properties.PropertyMappingContextCustomizer@0, org.springframework.boot.test.autoconfigure.web.servlet.WebDriverContextCustomizerFactory$Customizer@1136441a, org.springframework.boot.test.context.filter.ExcludeFilterContextCustomizer@5a05594b, org.springframework.boot.test.json.DuplicateJsonObjectContextCustomizerFactory$DuplicateJsonObjectContextCustomizer@65044db7, org.springframework.boot.test.mock.mockito.MockitoContextCustomizer@0], contextLoader = 'org.springframework.test.context.support.DelegatingSmartContextLoader', parent = [null]]]
07:28:34.922 [Test worker] DEBUG org.springframework.test.context.cache - Spring test ApplicationContext cache statistics: [DefaultContextCache@14831bf0 size = 1, maxSize = 32, parentContextCount = 0, hitCount = 30, missCount = 1]
07:28:34.922 [Test worker] DEBUG org.springframework.test.context.cache.DefaultCacheAwareContextLoaderDelegate - Retrieved ApplicationContext [197349865] from cache with key [[MergedContextConfiguration@23f2ff87 testClass = StateChangeCounterMicroServiceSpec, locations = '{}', classes = '{class com.zions.vsts.services.StateChangeCounterMicroserviceTestConfig}', contextInitializerClasses = '[]', activeProfiles = '{}', propertySourceLocations = '{}', propertySourceProperties = '{}', contextCustomizers = set[org.spockframework.spring.mock.SpockContextCustomizer@0, org.springframework.boot.test.autoconfigure.properties.PropertyMappingContextCustomizer@0, org.springframework.boot.test.autoconfigure.web.servlet.WebDriverContextCustomizerFactory$Customizer@1136441a, org.springframework.boot.test.context.filter.ExcludeFilterContextCustomizer@5a05594b, org.springframework.boot.test.json.DuplicateJsonObjectContextCustomizerFactory$DuplicateJsonObjectContextCustomizer@65044db7, org.springframework.boot.test.mock.mockito.MockitoContextCustomizer@0], contextLoader = 'org.springframework.test.context.support.DelegatingSmartContextLoader', parent = [null]]]
07:28:34.922 [Test worker] DEBUG org.springframework.test.context.cache - Spring test ApplicationContext cache statistics: [DefaultContextCache@14831bf0 size = 1, maxSize = 32, parentContextCount = 0, hitCount = 31, missCount = 1]
07:28:34.924 [Test worker] DEBUG org.springframework.test.context.cache.DefaultCacheAwareContextLoaderDelegate - Retrieved ApplicationContext [197349865] from cache with key [[MergedContextConfiguration@23f2ff87 testClass = StateChangeCounterMicroServiceSpec, locations = '{}', classes = '{class com.zions.vsts.services.StateChangeCounterMicroserviceTestConfig}', contextInitializerClasses = '[]', activeProfiles = '{}', propertySourceLocations = '{}', propertySourceProperties = '{}', contextCustomizers = set[org.spockframework.spring.mock.SpockContextCustomizer@0, org.springframework.boot.test.autoconfigure.properties.PropertyMappingContextCustomizer@0, org.springframework.boot.test.autoconfigure.web.servlet.WebDriverContextCustomizerFactory$Customizer@1136441a, org.springframework.boot.test.context.filter.ExcludeFilterContextCustomizer@5a05594b, org.springframework.boot.test.json.DuplicateJsonObjectContextCustomizerFactory$DuplicateJsonObjectContextCustomizer@65044db7, org.springframework.boot.test.mock.mockito.MockitoContextCustomizer@0], contextLoader = 'org.springframework.test.context.support.DelegatingSmartContextLoader', parent = [null]]]
07:28:34.924 [Test worker] DEBUG org.springframework.test.context.cache - Spring test ApplicationContext cache statistics: [DefaultContextCache@14831bf0 size = 1, maxSize = 32, parentContextCount = 0, hitCount = 32, missCount = 1]
07:28:34.924 [Test worker] DEBUG org.springframework.test.context.support.AbstractDirtiesContextTestExecutionListener - After test method: context [DefaultTestContext@10343259 testClass = StateChangeCounterMicroServiceSpec, testInstance = com.zions.vsts.services.StateChangeCounterMicroServiceSpec@6e57e73d, testMethod = $spock_feature_0_2@StateChangeCounterMicroServiceSpec, testException = [null], mergedContextConfiguration = [MergedContextConfiguration@23f2ff87 testClass = StateChangeCounterMicroServiceSpec, locations = '{}', classes = '{class com.zions.vsts.services.StateChangeCounterMicroserviceTestConfig}', contextInitializerClasses = '[]', activeProfiles = '{}', propertySourceLocations = '{}', propertySourceProperties = '{}', contextCustomizers = set[org.spockframework.spring.mock.SpockContextCustomizer@0, org.springframework.boot.test.autoconfigure.properties.PropertyMappingContextCustomizer@0, org.springframework.boot.test.autoconfigure.web.servlet.WebDriverContextCustomizerFactory$Customizer@1136441a, org.springframework.boot.test.context.filter.ExcludeFilterContextCustomizer@5a05594b, org.springframework.boot.test.json.DuplicateJsonObjectContextCustomizerFactory$DuplicateJsonObjectContextCustomizer@65044db7, org.springframework.boot.test.mock.mockito.MockitoContextCustomizer@0], contextLoader = 'org.springframework.test.context.support.DelegatingSmartContextLoader', parent = [null]], attributes = map['org.spockframework.spring.SpringMockTestExecutionListener.MOCKED_BEANS_LIST' -> list[Mock for type 'WorkManagementService' named 'WorkManagementService', Mock for type 'GenericRestClient' named 'GenericRestClient']]], class annotated with @DirtiesContext [false] with mode [null], method annotated with @DirtiesContext [false] with mode [null].
07:28:34.925 [Test worker] DEBUG org.springframework.test.context.support.DependencyInjectionTestExecutionListener - Performing dependency injection for test context [[DefaultTestContext@10343259 testClass = StateChangeCounterMicroServiceSpec, testInstance = com.zions.vsts.services.StateChangeCounterMicroServiceSpec@77488f01, testMethod = [null], testException = [null], mergedContextConfiguration = [MergedContextConfiguration@23f2ff87 testClass = StateChangeCounterMicroServiceSpec, locations = '{}', classes = '{class com.zions.vsts.services.StateChangeCounterMicroserviceTestConfig}', contextInitializerClasses = '[]', activeProfiles = '{}', propertySourceLocations = '{}', propertySourceProperties = '{}', contextCustomizers = set[org.spockframework.spring.mock.SpockContextCustomizer@0, org.springframework.boot.test.autoconfigure.properties.PropertyMappingContextCustomizer@0, org.springframework.boot.test.autoconfigure.web.servlet.WebDriverContextCustomizerFactory$Customizer@1136441a, org.springframework.boot.test.context.filter.ExcludeFilterContextCustomizer@5a05594b, org.springframework.boot.test.json.DuplicateJsonObjectContextCustomizerFactory$DuplicateJsonObjectContextCustomizer@65044db7, org.springframework.boot.test.mock.mockito.MockitoContextCustomizer@0], contextLoader = 'org.springframework.test.context.support.DelegatingSmartContextLoader', parent = [null]], attributes = map['org.spockframework.spring.SpringMockTestExecutionListener.MOCKED_BEANS_LIST' -> list[Mock for type 'WorkManagementService' named 'WorkManagementService', Mock for type 'GenericRestClient' named 'GenericRestClient']]]].
07:28:34.926 [Test worker] DEBUG org.springframework.test.context.cache.DefaultCacheAwareContextLoaderDelegate - Retrieved ApplicationContext [197349865] from cache with key [[MergedContextConfiguration@23f2ff87 testClass = StateChangeCounterMicroServiceSpec, locations = '{}', classes = '{class com.zions.vsts.services.StateChangeCounterMicroserviceTestConfig}', contextInitializerClasses = '[]', activeProfiles = '{}', propertySourceLocations = '{}', propertySourceProperties = '{}', contextCustomizers = set[org.spockframework.spring.mock.SpockContextCustomizer@0, org.springframework.boot.test.autoconfigure.properties.PropertyMappingContextCustomizer@0, org.springframework.boot.test.autoconfigure.web.servlet.WebDriverContextCustomizerFactory$Customizer@1136441a, org.springframework.boot.test.context.filter.ExcludeFilterContextCustomizer@5a05594b, org.springframework.boot.test.json.DuplicateJsonObjectContextCustomizerFactory$DuplicateJsonObjectContextCustomizer@65044db7, org.springframework.boot.test.mock.mockito.MockitoContextCustomizer@0], contextLoader = 'org.springframework.test.context.support.DelegatingSmartContextLoader', parent = [null]]]
07:28:34.926 [Test worker] DEBUG org.springframework.test.context.cache - Spring test ApplicationContext cache statistics: [DefaultContextCache@14831bf0 size = 1, maxSize = 32, parentContextCount = 0, hitCount = 33, missCount = 1]
07:28:34.927 [Test worker] DEBUG org.springframework.test.context.cache.DefaultCacheAwareContextLoaderDelegate - Retrieved ApplicationContext [197349865] from cache with key [[MergedContextConfiguration@23f2ff87 testClass = StateChangeCounterMicroServiceSpec, locations = '{}', classes = '{class com.zions.vsts.services.StateChangeCounterMicroserviceTestConfig}', contextInitializerClasses = '[]', activeProfiles = '{}', propertySourceLocations = '{}', propertySourceProperties = '{}', contextCustomizers = set[org.spockframework.spring.mock.SpockContextCustomizer@0, org.springframework.boot.test.autoconfigure.properties.PropertyMappingContextCustomizer@0, org.springframework.boot.test.autoconfigure.web.servlet.WebDriverContextCustomizerFactory$Customizer@1136441a, org.springframework.boot.test.context.filter.ExcludeFilterContextCustomizer@5a05594b, org.springframework.boot.test.json.DuplicateJsonObjectContextCustomizerFactory$DuplicateJsonObjectContextCustomizer@65044db7, org.springframework.boot.test.mock.mockito.MockitoContextCustomizer@0], contextLoader = 'org.springframework.test.context.support.DelegatingSmartContextLoader', parent = [null]]]
07:28:34.927 [Test worker] DEBUG org.springframework.test.context.cache - Spring test ApplicationContext cache statistics: [DefaultContextCache@14831bf0 size = 1, maxSize = 32, parentContextCount = 0, hitCount = 34, missCount = 1]
07:28:34.927 [Test worker] DEBUG org.springframework.test.context.cache.DefaultCacheAwareContextLoaderDelegate - Retrieved ApplicationContext [197349865] from cache with key [[MergedContextConfiguration@23f2ff87 testClass = StateChangeCounterMicroServiceSpec, locations = '{}', classes = '{class com.zions.vsts.services.StateChangeCounterMicroserviceTestConfig}', contextInitializerClasses = '[]', activeProfiles = '{}', propertySourceLocations = '{}', propertySourceProperties = '{}', contextCustomizers = set[org.spockframework.spring.mock.SpockContextCustomizer@0, org.springframework.boot.test.autoconfigure.properties.PropertyMappingContextCustomizer@0, org.springframework.boot.test.autoconfigure.web.servlet.WebDriverContextCustomizerFactory$Customizer@1136441a, org.springframework.boot.test.context.filter.ExcludeFilterContextCustomizer@5a05594b, org.springframework.boot.test.json.DuplicateJsonObjectContextCustomizerFactory$DuplicateJsonObjectContextCustomizer@65044db7, org.springframework.boot.test.mock.mockito.MockitoContextCustomizer@0], contextLoader = 'org.springframework.test.context.support.DelegatingSmartContextLoader', parent = [null]]]
07:28:34.927 [Test worker] DEBUG org.springframework.test.context.cache - Spring test ApplicationContext cache statistics: [DefaultContextCache@14831bf0 size = 1, maxSize = 32, parentContextCount = 0, hitCount = 35, missCount = 1]
07:28:34.928 [Test worker] DEBUG org.springframework.test.context.support.AbstractDirtiesContextTestExecutionListener - Before test method: context [DefaultTestContext@10343259 testClass = StateChangeCounterMicroServiceSpec, testInstance = com.zions.vsts.services.StateChangeCounterMicroServiceSpec@77488f01, testMethod = $spock_feature_0_3@StateChangeCounterMicroServiceSpec, testException = [null], mergedContextConfiguration = [MergedContextConfiguration@23f2ff87 testClass = StateChangeCounterMicroServiceSpec, locations = '{}', classes = '{class com.zions.vsts.services.StateChangeCounterMicroserviceTestConfig}', contextInitializerClasses = '[]', activeProfiles = '{}', propertySourceLocations = '{}', propertySourceProperties = '{}', contextCustomizers = set[org.spockframework.spring.mock.SpockContextCustomizer@0, org.springframework.boot.test.autoconfigure.properties.PropertyMappingContextCustomizer@0, org.springframework.boot.test.autoconfigure.web.servlet.WebDriverContextCustomizerFactory$Customizer@1136441a, org.springframework.boot.test.context.filter.ExcludeFilterContextCustomizer@5a05594b, org.springframework.boot.test.json.DuplicateJsonObjectContextCustomizerFactory$DuplicateJsonObjectContextCustomizer@65044db7, org.springframework.boot.test.mock.mockito.MockitoContextCustomizer@0], contextLoader = 'org.springframework.test.context.support.DelegatingSmartContextLoader', parent = [null]], attributes = map['org.spockframework.spring.SpringMockTestExecutionListener.MOCKED_BEANS_LIST' -> list[Mock for type 'WorkManagementService' named 'WorkManagementService', Mock for type 'GenericRestClient' named 'GenericRestClient']]], class annotated with @DirtiesContext [false] with mode [null], method annotated with @DirtiesContext [false] with mode [null].
07:28:34.928 [Test worker] DEBUG org.springframework.test.context.cache.DefaultCacheAwareContextLoaderDelegate - Retrieved ApplicationContext [197349865] from cache with key [[MergedContextConfiguration@23f2ff87 testClass = StateChangeCounterMicroServiceSpec, locations = '{}', classes = '{class com.zions.vsts.services.StateChangeCounterMicroserviceTestConfig}', contextInitializerClasses = '[]', activeProfiles = '{}', propertySourceLocations = '{}', propertySourceProperties = '{}', contextCustomizers = set[org.spockframework.spring.mock.SpockContextCustomizer@0, org.springframework.boot.test.autoconfigure.properties.PropertyMappingContextCustomizer@0, org.springframework.boot.test.autoconfigure.web.servlet.WebDriverContextCustomizerFactory$Customizer@1136441a, org.springframework.boot.test.context.filter.ExcludeFilterContextCustomizer@5a05594b, org.springframework.boot.test.json.DuplicateJsonObjectContextCustomizerFactory$DuplicateJsonObjectContextCustomizer@65044db7, org.springframework.boot.test.mock.mockito.MockitoContextCustomizer@0], contextLoader = 'org.springframework.test.context.support.DelegatingSmartContextLoader', parent = [null]]]
07:28:34.929 [Test worker] DEBUG org.springframework.test.context.cache - Spring test ApplicationContext cache statistics: [DefaultContextCache@14831bf0 size = 1, maxSize = 32, parentContextCount = 0, hitCount = 36, missCount = 1]
07:28:34.930 [Test worker] DEBUG org.springframework.test.context.cache.DefaultCacheAwareContextLoaderDelegate - Retrieved ApplicationContext [197349865] from cache with key [[MergedContextConfiguration@23f2ff87 testClass = StateChangeCounterMicroServiceSpec, locations = '{}', classes = '{class com.zions.vsts.services.StateChangeCounterMicroserviceTestConfig}', contextInitializerClasses = '[]', activeProfiles = '{}', propertySourceLocations = '{}', propertySourceProperties = '{}', contextCustomizers = set[org.spockframework.spring.mock.SpockContextCustomizer@0, org.springframework.boot.test.autoconfigure.properties.PropertyMappingContextCustomizer@0, org.springframework.boot.test.autoconfigure.web.servlet.WebDriverContextCustomizerFactory$Customizer@1136441a, org.springframework.boot.test.context.filter.ExcludeFilterContextCustomizer@5a05594b, org.springframework.boot.test.json.DuplicateJsonObjectContextCustomizerFactory$DuplicateJsonObjectContextCustomizer@65044db7, org.springframework.boot.test.mock.mockito.MockitoContextCustomizer@0], contextLoader = 'org.springframework.test.context.support.DelegatingSmartContextLoader', parent = [null]]]
07:28:34.930 [Test worker] DEBUG org.springframework.test.context.cache - Spring test ApplicationContext cache statistics: [DefaultContextCache@14831bf0 size = 1, maxSize = 32, parentContextCount = 0, hitCount = 37, missCount = 1]
07:28:34.930 [Test worker] DEBUG org.springframework.test.context.cache.DefaultCacheAwareContextLoaderDelegate - Retrieved ApplicationContext [197349865] from cache with key [[MergedContextConfiguration@23f2ff87 testClass = StateChangeCounterMicroServiceSpec, locations = '{}', classes = '{class com.zions.vsts.services.StateChangeCounterMicroserviceTestConfig}', contextInitializerClasses = '[]', activeProfiles = '{}', propertySourceLocations = '{}', propertySourceProperties = '{}', contextCustomizers = set[org.spockframework.spring.mock.SpockContextCustomizer@0, org.springframework.boot.test.autoconfigure.properties.PropertyMappingContextCustomizer@0, org.springframework.boot.test.autoconfigure.web.servlet.WebDriverContextCustomizerFactory$Customizer@1136441a, org.springframework.boot.test.context.filter.ExcludeFilterContextCustomizer@5a05594b, org.springframework.boot.test.json.DuplicateJsonObjectContextCustomizerFactory$DuplicateJsonObjectContextCustomizer@65044db7, org.springframework.boot.test.mock.mockito.MockitoContextCustomizer@0], contextLoader = 'org.springframework.test.context.support.DelegatingSmartContextLoader', parent = [null]]]
07:28:34.930 [Test worker] DEBUG org.springframework.test.context.cache - Spring test ApplicationContext cache statistics: [DefaultContextCache@14831bf0 size = 1, maxSize = 32, parentContextCount = 0, hitCount = 38, missCount = 1]
07:28:34.941 [Test worker] INFO com.zions.vsts.services.StateChangeCounterMicroService - Entering StateChangeCounterMicroService:: processADOData
07:28:34.997 [Test worker] INFO com.zions.vsts.services.StateChangeCounterMicroService - Updating count of Bug #34983
07:28:35.031 [Test worker] INFO com.zions.vsts.services.StateChangeCounterMicroService - Update Succeeded
07:28:35.032 [Test worker] DEBUG org.springframework.test.context.cache.DefaultCacheAwareContextLoaderDelegate - Retrieved ApplicationContext [197349865] from cache with key [[MergedContextConfiguration@23f2ff87 testClass = StateChangeCounterMicroServiceSpec, locations = '{}', classes = '{class com.zions.vsts.services.StateChangeCounterMicroserviceTestConfig}', contextInitializerClasses = '[]', activeProfiles = '{}', propertySourceLocations = '{}', propertySourceProperties = '{}', contextCustomizers = set[org.spockframework.spring.mock.SpockContextCustomizer@0, org.springframework.boot.test.autoconfigure.properties.PropertyMappingContextCustomizer@0, org.springframework.boot.test.autoconfigure.web.servlet.WebDriverContextCustomizerFactory$Customizer@1136441a, org.springframework.boot.test.context.filter.ExcludeFilterContextCustomizer@5a05594b, org.springframework.boot.test.json.DuplicateJsonObjectContextCustomizerFactory$DuplicateJsonObjectContextCustomizer@65044db7, org.springframework.boot.test.mock.mockito.MockitoContextCustomizer@0], contextLoader = 'org.springframework.test.context.support.DelegatingSmartContextLoader', parent = [null]]]
07:28:35.032 [Test worker] DEBUG org.springframework.test.context.cache - Spring test ApplicationContext cache statistics: [DefaultContextCache@14831bf0 size = 1, maxSize = 32, parentContextCount = 0, hitCount = 39, missCount = 1]
07:28:35.032 [Test worker] DEBUG org.springframework.test.context.cache.DefaultCacheAwareContextLoaderDelegate - Retrieved ApplicationContext [197349865] from cache with key [[MergedContextConfiguration@23f2ff87 testClass = StateChangeCounterMicroServiceSpec, locations = '{}', classes = '{class com.zions.vsts.services.StateChangeCounterMicroserviceTestConfig}', contextInitializerClasses = '[]', activeProfiles = '{}', propertySourceLocations = '{}', propertySourceProperties = '{}', contextCustomizers = set[org.spockframework.spring.mock.SpockContextCustomizer@0, org.springframework.boot.test.autoconfigure.properties.PropertyMappingContextCustomizer@0, org.springframework.boot.test.autoconfigure.web.servlet.WebDriverContextCustomizerFactory$Customizer@1136441a, org.springframework.boot.test.context.filter.ExcludeFilterContextCustomizer@5a05594b, org.springframework.boot.test.json.DuplicateJsonObjectContextCustomizerFactory$DuplicateJsonObjectContextCustomizer@65044db7, org.springframework.boot.test.mock.mockito.MockitoContextCustomizer@0], contextLoader = 'org.springframework.test.context.support.DelegatingSmartContextLoader', parent = [null]]]
07:28:35.033 [Test worker] DEBUG org.springframework.test.context.cache - Spring test ApplicationContext cache statistics: [DefaultContextCache@14831bf0 size = 1, maxSize = 32, parentContextCount = 0, hitCount = 40, missCount = 1]
07:28:35.033 [Test worker] DEBUG org.springframework.test.context.cache.DefaultCacheAwareContextLoaderDelegate - Retrieved ApplicationContext [197349865] from cache with key [[MergedContextConfiguration@23f2ff87 testClass = StateChangeCounterMicroServiceSpec, locations = '{}', classes = '{class com.zions.vsts.services.StateChangeCounterMicroserviceTestConfig}', contextInitializerClasses = '[]', activeProfiles = '{}', propertySourceLocations = '{}', propertySourceProperties = '{}', contextCustomizers = set[org.spockframework.spring.mock.SpockContextCustomizer@0, org.springframework.boot.test.autoconfigure.properties.PropertyMappingContextCustomizer@0, org.springframework.boot.test.autoconfigure.web.servlet.WebDriverContextCustomizerFactory$Customizer@1136441a, org.springframework.boot.test.context.filter.ExcludeFilterContextCustomizer@5a05594b, org.springframework.boot.test.json.DuplicateJsonObjectContextCustomizerFactory$DuplicateJsonObjectContextCustomizer@65044db7, org.springframework.boot.test.mock.mockito.MockitoContextCustomizer@0], contextLoader = 'org.springframework.test.context.support.DelegatingSmartContextLoader', parent = [null]]]
07:28:35.033 [Test worker] DEBUG org.springframework.test.context.cache - Spring test ApplicationContext cache statistics: [DefaultContextCache@14831bf0 size = 1, maxSize = 32, parentContextCount = 0, hitCount = 41, missCount = 1]
07:28:35.033 [Test worker] DEBUG org.springframework.test.context.cache.DefaultCacheAwareContextLoaderDelegate - Retrieved ApplicationContext [197349865] from cache with key [[MergedContextConfiguration@23f2ff87 testClass = StateChangeCounterMicroServiceSpec, locations = '{}', classes = '{class com.zions.vsts.services.StateChangeCounterMicroserviceTestConfig}', contextInitializerClasses = '[]', activeProfiles = '{}', propertySourceLocations = '{}', propertySourceProperties = '{}', contextCustomizers = set[org.spockframework.spring.mock.SpockContextCustomizer@0, org.springframework.boot.test.autoconfigure.properties.PropertyMappingContextCustomizer@0, org.springframework.boot.test.autoconfigure.web.servlet.WebDriverContextCustomizerFactory$Customizer@1136441a, org.springframework.boot.test.context.filter.ExcludeFilterContextCustomizer@5a05594b, org.springframework.boot.test.json.DuplicateJsonObjectContextCustomizerFactory$DuplicateJsonObjectContextCustomizer@65044db7, org.springframework.boot.test.mock.mockito.MockitoContextCustomizer@0], contextLoader = 'org.springframework.test.context.support.DelegatingSmartContextLoader', parent = [null]]]
07:28:35.033 [Test worker] DEBUG org.springframework.test.context.cache - Spring test ApplicationContext cache statistics: [DefaultContextCache@14831bf0 size = 1, maxSize = 32, parentContextCount = 0, hitCount = 42, missCount = 1]
07:28:35.034 [Test worker] DEBUG org.springframework.test.context.cache.DefaultCacheAwareContextLoaderDelegate - Retrieved ApplicationContext [197349865] from cache with key [[MergedContextConfiguration@23f2ff87 testClass = StateChangeCounterMicroServiceSpec, locations = '{}', classes = '{class com.zions.vsts.services.StateChangeCounterMicroserviceTestConfig}', contextInitializerClasses = '[]', activeProfiles = '{}', propertySourceLocations = '{}', propertySourceProperties = '{}', contextCustomizers = set[org.spockframework.spring.mock.SpockContextCustomizer@0, org.springframework.boot.test.autoconfigure.properties.PropertyMappingContextCustomizer@0, org.springframework.boot.test.autoconfigure.web.servlet.WebDriverContextCustomizerFactory$Customizer@1136441a, org.springframework.boot.test.context.filter.ExcludeFilterContextCustomizer@5a05594b, org.springframework.boot.test.json.DuplicateJsonObjectContextCustomizerFactory$DuplicateJsonObjectContextCustomizer@65044db7, org.springframework.boot.test.mock.mockito.MockitoContextCustomizer@0], contextLoader = 'org.springframework.test.context.support.DelegatingSmartContextLoader', parent = [null]]]
07:28:35.035 [Test worker] DEBUG org.springframework.test.context.cache - Spring test ApplicationContext cache statistics: [DefaultContextCache@14831bf0 size = 1, maxSize = 32, parentContextCount = 0, hitCount = 43, missCount = 1]
07:28:35.035 [Test worker] DEBUG org.springframework.test.context.support.AbstractDirtiesContextTestExecutionListener - After test method: context [DefaultTestContext@10343259 testClass = StateChangeCounterMicroServiceSpec, testInstance = com.zions.vsts.services.StateChangeCounterMicroServiceSpec@77488f01, testMethod = $spock_feature_0_3@StateChangeCounterMicroServiceSpec, testException = [null], mergedContextConfiguration = [MergedContextConfiguration@23f2ff87 testClass = StateChangeCounterMicroServiceSpec, locations = '{}', classes = '{class com.zions.vsts.services.StateChangeCounterMicroserviceTestConfig}', contextInitializerClasses = '[]', activeProfiles = '{}', propertySourceLocations = '{}', propertySourceProperties = '{}', contextCustomizers = set[org.spockframework.spring.mock.SpockContextCustomizer@0, org.springframework.boot.test.autoconfigure.properties.PropertyMappingContextCustomizer@0, org.springframework.boot.test.autoconfigure.web.servlet.WebDriverContextCustomizerFactory$Customizer@1136441a, org.springframework.boot.test.context.filter.ExcludeFilterContextCustomizer@5a05594b, org.springframework.boot.test.json.DuplicateJsonObjectContextCustomizerFactory$DuplicateJsonObjectContextCustomizer@65044db7, org.springframework.boot.test.mock.mockito.MockitoContextCustomizer@0], contextLoader = 'org.springframework.test.context.support.DelegatingSmartContextLoader', parent = [null]], attributes = map['org.spockframework.spring.SpringMockTestExecutionListener.MOCKED_BEANS_LIST' -> list[Mock for type 'WorkManagementService' named 'WorkManagementService', Mock for type 'GenericRestClient' named 'GenericRestClient']]], class annotated with @DirtiesContext [false] with mode [null], method annotated with @DirtiesContext [false] with mode [null].
07:28:35.037 [Test worker] DEBUG org.springframework.test.context.cache.DefaultCacheAwareContextLoaderDelegate - Retrieved ApplicationContext [197349865] from cache with key [[MergedContextConfiguration@23f2ff87 testClass = StateChangeCounterMicroServiceSpec, locations = '{}', classes = '{class com.zions.vsts.services.StateChangeCounterMicroserviceTestConfig}', contextInitializerClasses = '[]', activeProfiles = '{}', propertySourceLocations = '{}', propertySourceProperties = '{}', contextCustomizers = set[org.spockframework.spring.mock.SpockContextCustomizer@0, org.springframework.boot.test.autoconfigure.properties.PropertyMappingContextCustomizer@0, org.springframework.boot.test.autoconfigure.web.servlet.WebDriverContextCustomizerFactory$Customizer@1136441a, org.springframework.boot.test.context.filter.ExcludeFilterContextCustomizer@5a05594b, org.springframework.boot.test.json.DuplicateJsonObjectContextCustomizerFactory$DuplicateJsonObjectContextCustomizer@65044db7, org.springframework.boot.test.mock.mockito.MockitoContextCustomizer@0], contextLoader = 'org.springframework.test.context.support.DelegatingSmartContextLoader', parent = [null]]]
07:28:35.038 [Test worker] DEBUG org.springframework.test.context.cache - Spring test ApplicationContext cache statistics: [DefaultContextCache@14831bf0 size = 1, maxSize = 32, parentContextCount = 0, hitCount = 44, missCount = 1]
07:28:35.038 [Test worker] DEBUG org.springframework.test.context.support.AbstractDirtiesContextTestExecutionListener - After test class: context [DefaultTestContext@10343259 testClass = StateChangeCounterMicroServiceSpec, testInstance = [null], testMethod = [null], testException = [null], mergedContextConfiguration = [MergedContextConfiguration@23f2ff87 testClass = StateChangeCounterMicroServiceSpec, locations = '{}', classes = '{class com.zions.vsts.services.StateChangeCounterMicroserviceTestConfig}', contextInitializerClasses = '[]', activeProfiles = '{}', propertySourceLocations = '{}', propertySourceProperties = '{}', contextCustomizers = set[org.spockframework.spring.mock.SpockContextCustomizer@0, org.springframework.boot.test.autoconfigure.properties.PropertyMappingContextCustomizer@0, org.springframework.boot.test.autoconfigure.web.servlet.WebDriverContextCustomizerFactory$Customizer@1136441a, org.springframework.boot.test.context.filter.ExcludeFilterContextCustomizer@5a05594b, org.springframework.boot.test.json.DuplicateJsonObjectContextCustomizerFactory$DuplicateJsonObjectContextCustomizer@65044db7, org.springframework.boot.test.mock.mockito.MockitoContextCustomizer@0], contextLoader = 'org.springframework.test.context.support.DelegatingSmartContextLoader', parent = [null]], attributes = map['org.spockframework.spring.SpringMockTestExecutionListener.MOCKED_BEANS_LIST' -> list[Mock for type 'WorkManagementService' named 'WorkManagementService', Mock for type 'GenericRestClient' named 'GenericRestClient']]], class annotated with @DirtiesContext [false] with mode [null].
]]></system-out>
  <system-err><![CDATA[]]></system-err>
</testsuite>
